<?xml version="1.0" encoding="UTF-8"?>
<!-- Generated by org.testng.reporters.JUnitReportReporter -->
<testsuite hostname="DESKTOP-0ANPUCF" failures="0" tests="1" name="testng.simpleclass" time="17.922" errors="0" timestamp="2024-08-20T21:16:38 IST" skipped="0">
  <testcase classname="testng.simpleclass" name="start" time="17.922"/>
</testsuite> <!-- testng.simpleclass -->
